<?xml version="1.0" encoding="UTF-8"?>
<!-- Generated by org.testng.reporters.JUnitReportReporter -->
<testsuite hostname="LAPTOP-PRMGFD3N" failures="0" tests="4" name="runners.TestRunner" time="13.847" errors="0" timestamp="2026-02-16T14:35:39 IST" skipped="0">
  <testcase classname="runners.TestRunner" name="runScenario" time="3.149"/>
  <testcase classname="runners.TestRunner" name="runScenario" time="2.982"/>
  <testcase classname="runners.TestRunner" name="runScenario" time="4.731"/>
  <testcase classname="runners.TestRunner" name="runScenario" time="2.985"/>
</testsuite> <!-- runners.TestRunner -->
